2019-10-23 15:58:59.548 [main] ERROR org.springframework.boot.diagnostics.LoggingFailureAnalysisReporter - 

***************************
APPLICATION FAILED TO START
***************************

Description:

Field wsTemplete in com.socket.push.core.PushManagerBiz required a bean of type 'com.socket.server.template.WsTemplete' that could not be found.


Action:

Consider defining a bean of type 'com.socket.server.template.WsTemplete' in your configuration.

2019-10-23 16:06:26.419 [refresh-connect-thread] ERROR com.socket.server.factory.WsFactory - >>>>>> 重连发生错误，errorMsg:null
2019-10-23 16:58:31.776 [refresh-connect-thread] ERROR com.socket.server.factory.WsFactory - >>>>>> 重连发生错误，errorMsg:null
2019-10-23 17:10:51.433 [WebSocketConnectReadThread-44] ERROR org.java_websocket.drafts.Draft_6455 - Runtime exception during onWebsocketMessage
com.alibaba.fastjson.JSONException: syntax error, pos 4, json : Send a message from server. 
	at com.alibaba.fastjson.parser.DefaultJSONParser.parse(DefaultJSONParser.java:1433)
	at com.alibaba.fastjson.parser.DefaultJSONParser.parse(DefaultJSONParser.java:1322)
	at com.alibaba.fastjson.JSON.parse(JSON.java:152)
	at com.alibaba.fastjson.JSON.parse(JSON.java:162)
	at com.alibaba.fastjson.JSON.parse(JSON.java:131)
	at com.alibaba.fastjson.JSON.parseObject(JSON.java:223)
	at com.socket.server.factory.WsHolder.reciveMsg(WsHolder.java:183)
	at com.socket.server.factory.WsHolder.access$100(WsHolder.java:26)
	at com.socket.server.factory.WsHolder$1.onMessage(WsHolder.java:79)
	at org.java_websocket.client.WebSocketClient.onWebsocketMessage(WebSocketClient.java:500)
	at org.java_websocket.drafts.Draft_6455.processFrameText(Draft_6455.java:858)
	at org.java_websocket.drafts.Draft_6455.processFrame(Draft_6455.java:792)
	at org.java_websocket.WebSocketImpl.decodeFrames(WebSocketImpl.java:381)
	at org.java_websocket.WebSocketImpl.decode(WebSocketImpl.java:218)
	at org.java_websocket.client.WebSocketClient.run(WebSocketClient.java:425)
	at java.lang.Thread.run(Thread.java:748)
2019-10-23 17:10:51.433 [WebSocketConnectReadThread-40] ERROR org.java_websocket.drafts.Draft_6455 - Runtime exception during onWebsocketMessage
com.alibaba.fastjson.JSONException: syntax error, pos 4, json : Send a message from server. 
	at com.alibaba.fastjson.parser.DefaultJSONParser.parse(DefaultJSONParser.java:1433)
	at com.alibaba.fastjson.parser.DefaultJSONParser.parse(DefaultJSONParser.java:1322)
	at com.alibaba.fastjson.JSON.parse(JSON.java:152)
	at com.alibaba.fastjson.JSON.parse(JSON.java:162)
	at com.alibaba.fastjson.JSON.parse(JSON.java:131)
	at com.alibaba.fastjson.JSON.parseObject(JSON.java:223)
	at com.socket.server.factory.WsHolder.reciveMsg(WsHolder.java:183)
	at com.socket.server.factory.WsHolder.access$100(WsHolder.java:26)
	at com.socket.server.factory.WsHolder$1.onMessage(WsHolder.java:79)
	at org.java_websocket.client.WebSocketClient.onWebsocketMessage(WebSocketClient.java:500)
	at org.java_websocket.drafts.Draft_6455.processFrameText(Draft_6455.java:858)
	at org.java_websocket.drafts.Draft_6455.processFrame(Draft_6455.java:792)
	at org.java_websocket.WebSocketImpl.decodeFrames(WebSocketImpl.java:381)
	at org.java_websocket.WebSocketImpl.decode(WebSocketImpl.java:218)
	at org.java_websocket.client.WebSocketClient.run(WebSocketClient.java:425)
	at java.lang.Thread.run(Thread.java:748)
2019-10-23 17:10:51.433 [WebSocketConnectReadThread-36] ERROR org.java_websocket.drafts.Draft_6455 - Runtime exception during onWebsocketMessage
com.alibaba.fastjson.JSONException: syntax error, pos 4, json : Send a message from server. 
	at com.alibaba.fastjson.parser.DefaultJSONParser.parse(DefaultJSONParser.java:1433)
	at com.alibaba.fastjson.parser.DefaultJSONParser.parse(DefaultJSONParser.java:1322)
	at com.alibaba.fastjson.JSON.parse(JSON.java:152)
	at com.alibaba.fastjson.JSON.parse(JSON.java:162)
	at com.alibaba.fastjson.JSON.parse(JSON.java:131)
	at com.alibaba.fastjson.JSON.parseObject(JSON.java:223)
	at com.socket.server.factory.WsHolder.reciveMsg(WsHolder.java:183)
	at com.socket.server.factory.WsHolder.access$100(WsHolder.java:26)
	at com.socket.server.factory.WsHolder$1.onMessage(WsHolder.java:79)
	at org.java_websocket.client.WebSocketClient.onWebsocketMessage(WebSocketClient.java:500)
	at org.java_websocket.drafts.Draft_6455.processFrameText(Draft_6455.java:858)
	at org.java_websocket.drafts.Draft_6455.processFrame(Draft_6455.java:792)
	at org.java_websocket.WebSocketImpl.decodeFrames(WebSocketImpl.java:381)
	at org.java_websocket.WebSocketImpl.decode(WebSocketImpl.java:218)
	at org.java_websocket.client.WebSocketClient.run(WebSocketClient.java:425)
	at java.lang.Thread.run(Thread.java:748)
2019-10-23 17:10:51.436 [WebSocketConnectReadThread-44] ERROR com.socket.server.factory.WsHolder - ws连接发生错误！syntax error, pos 4, json : Send a message from server. 
com.alibaba.fastjson.JSONException: syntax error, pos 4, json : Send a message from server. 
	at com.alibaba.fastjson.parser.DefaultJSONParser.parse(DefaultJSONParser.java:1433)
	at com.alibaba.fastjson.parser.DefaultJSONParser.parse(DefaultJSONParser.java:1322)
	at com.alibaba.fastjson.JSON.parse(JSON.java:152)
	at com.alibaba.fastjson.JSON.parse(JSON.java:162)
	at com.alibaba.fastjson.JSON.parse(JSON.java:131)
	at com.alibaba.fastjson.JSON.parseObject(JSON.java:223)
	at com.socket.server.factory.WsHolder.reciveMsg(WsHolder.java:183)
	at com.socket.server.factory.WsHolder.access$100(WsHolder.java:26)
	at com.socket.server.factory.WsHolder$1.onMessage(WsHolder.java:79)
	at org.java_websocket.client.WebSocketClient.onWebsocketMessage(WebSocketClient.java:500)
	at org.java_websocket.drafts.Draft_6455.processFrameText(Draft_6455.java:858)
	at org.java_websocket.drafts.Draft_6455.processFrame(Draft_6455.java:792)
	at org.java_websocket.WebSocketImpl.decodeFrames(WebSocketImpl.java:381)
	at org.java_websocket.WebSocketImpl.decode(WebSocketImpl.java:218)
	at org.java_websocket.client.WebSocketClient.run(WebSocketClient.java:425)
	at java.lang.Thread.run(Thread.java:748)
2019-10-23 17:10:51.436 [WebSocketConnectReadThread-40] ERROR com.socket.server.factory.WsHolder - ws连接发生错误！syntax error, pos 4, json : Send a message from server. 
com.alibaba.fastjson.JSONException: syntax error, pos 4, json : Send a message from server. 
	at com.alibaba.fastjson.parser.DefaultJSONParser.parse(DefaultJSONParser.java:1433)
	at com.alibaba.fastjson.parser.DefaultJSONParser.parse(DefaultJSONParser.java:1322)
	at com.alibaba.fastjson.JSON.parse(JSON.java:152)
	at com.alibaba.fastjson.JSON.parse(JSON.java:162)
	at com.alibaba.fastjson.JSON.parse(JSON.java:131)
	at com.alibaba.fastjson.JSON.parseObject(JSON.java:223)
	at com.socket.server.factory.WsHolder.reciveMsg(WsHolder.java:183)
	at com.socket.server.factory.WsHolder.access$100(WsHolder.java:26)
	at com.socket.server.factory.WsHolder$1.onMessage(WsHolder.java:79)
	at org.java_websocket.client.WebSocketClient.onWebsocketMessage(WebSocketClient.java:500)
	at org.java_websocket.drafts.Draft_6455.processFrameText(Draft_6455.java:858)
	at org.java_websocket.drafts.Draft_6455.processFrame(Draft_6455.java:792)
	at org.java_websocket.WebSocketImpl.decodeFrames(WebSocketImpl.java:381)
	at org.java_websocket.WebSocketImpl.decode(WebSocketImpl.java:218)
	at org.java_websocket.client.WebSocketClient.run(WebSocketClient.java:425)
	at java.lang.Thread.run(Thread.java:748)
2019-10-23 17:10:51.436 [WebSocketConnectReadThread-36] ERROR com.socket.server.factory.WsHolder - ws连接发生错误！syntax error, pos 4, json : Send a message from server. 
com.alibaba.fastjson.JSONException: syntax error, pos 4, json : Send a message from server. 
	at com.alibaba.fastjson.parser.DefaultJSONParser.parse(DefaultJSONParser.java:1433)
	at com.alibaba.fastjson.parser.DefaultJSONParser.parse(DefaultJSONParser.java:1322)
	at com.alibaba.fastjson.JSON.parse(JSON.java:152)
	at com.alibaba.fastjson.JSON.parse(JSON.java:162)
	at com.alibaba.fastjson.JSON.parse(JSON.java:131)
	at com.alibaba.fastjson.JSON.parseObject(JSON.java:223)
	at com.socket.server.factory.WsHolder.reciveMsg(WsHolder.java:183)
	at com.socket.server.factory.WsHolder.access$100(WsHolder.java:26)
	at com.socket.server.factory.WsHolder$1.onMessage(WsHolder.java:79)
	at org.java_websocket.client.WebSocketClient.onWebsocketMessage(WebSocketClient.java:500)
	at org.java_websocket.drafts.Draft_6455.processFrameText(Draft_6455.java:858)
	at org.java_websocket.drafts.Draft_6455.processFrame(Draft_6455.java:792)
	at org.java_websocket.WebSocketImpl.decodeFrames(WebSocketImpl.java:381)
	at org.java_websocket.WebSocketImpl.decode(WebSocketImpl.java:218)
	at org.java_websocket.client.WebSocketClient.run(WebSocketClient.java:425)
	at java.lang.Thread.run(Thread.java:748)
2019-10-23 17:10:51.438 [WebSocketConnectReadThread-36] ERROR org.java_websocket.drafts.Draft_6455 - Runtime exception during onWebsocketMessage
com.alibaba.fastjson.JSONException: syntax error, pos 4, json : Send a message from server. 
	at com.alibaba.fastjson.parser.DefaultJSONParser.parse(DefaultJSONParser.java:1433)
	at com.alibaba.fastjson.parser.DefaultJSONParser.parse(DefaultJSONParser.java:1322)
	at com.alibaba.fastjson.JSON.parse(JSON.java:152)
	at com.alibaba.fastjson.JSON.parse(JSON.java:162)
	at com.alibaba.fastjson.JSON.parse(JSON.java:131)
	at com.alibaba.fastjson.JSON.parseObject(JSON.java:223)
	at com.socket.server.factory.WsHolder.reciveMsg(WsHolder.java:183)
	at com.socket.server.factory.WsHolder.access$100(WsHolder.java:26)
	at com.socket.server.factory.WsHolder$1.onMessage(WsHolder.java:79)
	at org.java_websocket.client.WebSocketClient.onWebsocketMessage(WebSocketClient.java:500)
	at org.java_websocket.drafts.Draft_6455.processFrameText(Draft_6455.java:858)
	at org.java_websocket.drafts.Draft_6455.processFrame(Draft_6455.java:792)
	at org.java_websocket.WebSocketImpl.decodeFrames(WebSocketImpl.java:381)
	at org.java_websocket.WebSocketImpl.decode(WebSocketImpl.java:218)
	at org.java_websocket.client.WebSocketClient.run(WebSocketClient.java:425)
	at java.lang.Thread.run(Thread.java:748)
2019-10-23 17:10:51.438 [WebSocketConnectReadThread-40] ERROR org.java_websocket.drafts.Draft_6455 - Runtime exception during onWebsocketMessage
com.alibaba.fastjson.JSONException: syntax error, pos 4, json : Send a message from server. 
	at com.alibaba.fastjson.parser.DefaultJSONParser.parse(DefaultJSONParser.java:1433)
	at com.alibaba.fastjson.parser.DefaultJSONParser.parse(DefaultJSONParser.java:1322)
	at com.alibaba.fastjson.JSON.parse(JSON.java:152)
	at com.alibaba.fastjson.JSON.parse(JSON.java:162)
	at com.alibaba.fastjson.JSON.parse(JSON.java:131)
	at com.alibaba.fastjson.JSON.parseObject(JSON.java:223)
	at com.socket.server.factory.WsHolder.reciveMsg(WsHolder.java:183)
	at com.socket.server.factory.WsHolder.access$100(WsHolder.java:26)
	at com.socket.server.factory.WsHolder$1.onMessage(WsHolder.java:79)
	at org.java_websocket.client.WebSocketClient.onWebsocketMessage(WebSocketClient.java:500)
	at org.java_websocket.drafts.Draft_6455.processFrameText(Draft_6455.java:858)
	at org.java_websocket.drafts.Draft_6455.processFrame(Draft_6455.java:792)
	at org.java_websocket.WebSocketImpl.decodeFrames(WebSocketImpl.java:381)
	at org.java_websocket.WebSocketImpl.decode(WebSocketImpl.java:218)
	at org.java_websocket.client.WebSocketClient.run(WebSocketClient.java:425)
	at java.lang.Thread.run(Thread.java:748)
2019-10-23 17:10:51.439 [WebSocketConnectReadThread-44] ERROR org.java_websocket.drafts.Draft_6455 - Runtime exception during onWebsocketMessage
com.alibaba.fastjson.JSONException: syntax error, pos 4, json : Send a message from server. 
	at com.alibaba.fastjson.parser.DefaultJSONParser.parse(DefaultJSONParser.java:1433)
	at com.alibaba.fastjson.parser.DefaultJSONParser.parse(DefaultJSONParser.java:1322)
	at com.alibaba.fastjson.JSON.parse(JSON.java:152)
	at com.alibaba.fastjson.JSON.parse(JSON.java:162)
	at com.alibaba.fastjson.JSON.parse(JSON.java:131)
	at com.alibaba.fastjson.JSON.parseObject(JSON.java:223)
	at com.socket.server.factory.WsHolder.reciveMsg(WsHolder.java:183)
	at com.socket.server.factory.WsHolder.access$100(WsHolder.java:26)
	at com.socket.server.factory.WsHolder$1.onMessage(WsHolder.java:79)
	at org.java_websocket.client.WebSocketClient.onWebsocketMessage(WebSocketClient.java:500)
	at org.java_websocket.drafts.Draft_6455.processFrameText(Draft_6455.java:858)
	at org.java_websocket.drafts.Draft_6455.processFrame(Draft_6455.java:792)
	at org.java_websocket.WebSocketImpl.decodeFrames(WebSocketImpl.java:381)
	at org.java_websocket.WebSocketImpl.decode(WebSocketImpl.java:218)
	at org.java_websocket.client.WebSocketClient.run(WebSocketClient.java:425)
	at java.lang.Thread.run(Thread.java:748)
2019-10-23 17:10:51.439 [WebSocketConnectReadThread-44] ERROR com.socket.server.factory.WsHolder - ws连接发生错误！syntax error, pos 4, json : Send a message from server. 
com.alibaba.fastjson.JSONException: syntax error, pos 4, json : Send a message from server. 
	at com.alibaba.fastjson.parser.DefaultJSONParser.parse(DefaultJSONParser.java:1433)
	at com.alibaba.fastjson.parser.DefaultJSONParser.parse(DefaultJSONParser.java:1322)
	at com.alibaba.fastjson.JSON.parse(JSON.java:152)
	at com.alibaba.fastjson.JSON.parse(JSON.java:162)
	at com.alibaba.fastjson.JSON.parse(JSON.java:131)
	at com.alibaba.fastjson.JSON.parseObject(JSON.java:223)
	at com.socket.server.factory.WsHolder.reciveMsg(WsHolder.java:183)
	at com.socket.server.factory.WsHolder.access$100(WsHolder.java:26)
	at com.socket.server.factory.WsHolder$1.onMessage(WsHolder.java:79)
	at org.java_websocket.client.WebSocketClient.onWebsocketMessage(WebSocketClient.java:500)
	at org.java_websocket.drafts.Draft_6455.processFrameText(Draft_6455.java:858)
	at org.java_websocket.drafts.Draft_6455.processFrame(Draft_6455.java:792)
	at org.java_websocket.WebSocketImpl.decodeFrames(WebSocketImpl.java:381)
	at org.java_websocket.WebSocketImpl.decode(WebSocketImpl.java:218)
	at org.java_websocket.client.WebSocketClient.run(WebSocketClient.java:425)
	at java.lang.Thread.run(Thread.java:748)
2019-10-23 17:10:51.439 [WebSocketConnectReadThread-44] ERROR org.java_websocket.drafts.Draft_6455 - Runtime exception during onWebsocketMessage
com.alibaba.fastjson.JSONException: syntax error, pos 4, json : Send a message from server. 
	at com.alibaba.fastjson.parser.DefaultJSONParser.parse(DefaultJSONParser.java:1433)
	at com.alibaba.fastjson.parser.DefaultJSONParser.parse(DefaultJSONParser.java:1322)
	at com.alibaba.fastjson.JSON.parse(JSON.java:152)
	at com.alibaba.fastjson.JSON.parse(JSON.java:162)
	at com.alibaba.fastjson.JSON.parse(JSON.java:131)
	at com.alibaba.fastjson.JSON.parseObject(JSON.java:223)
	at com.socket.server.factory.WsHolder.reciveMsg(WsHolder.java:183)
	at com.socket.server.factory.WsHolder.access$100(WsHolder.java:26)
	at com.socket.server.factory.WsHolder$1.onMessage(WsHolder.java:79)
	at org.java_websocket.client.WebSocketClient.onWebsocketMessage(WebSocketClient.java:500)
	at org.java_websocket.drafts.Draft_6455.processFrameText(Draft_6455.java:858)
	at org.java_websocket.drafts.Draft_6455.processFrame(Draft_6455.java:792)
	at org.java_websocket.WebSocketImpl.decodeFrames(WebSocketImpl.java:381)
	at org.java_websocket.WebSocketImpl.decode(WebSocketImpl.java:218)
	at org.java_websocket.client.WebSocketClient.run(WebSocketClient.java:425)
	at java.lang.Thread.run(Thread.java:748)
2019-10-23 17:10:51.440 [WebSocketConnectReadThread-44] ERROR com.socket.server.factory.WsHolder - ws连接发生错误！syntax error, pos 4, json : Send a message from server. 
com.alibaba.fastjson.JSONException: syntax error, pos 4, json : Send a message from server. 
	at com.alibaba.fastjson.parser.DefaultJSONParser.parse(DefaultJSONParser.java:1433)
	at com.alibaba.fastjson.parser.DefaultJSONParser.parse(DefaultJSONParser.java:1322)
	at com.alibaba.fastjson.JSON.parse(JSON.java:152)
	at com.alibaba.fastjson.JSON.parse(JSON.java:162)
	at com.alibaba.fastjson.JSON.parse(JSON.java:131)
	at com.alibaba.fastjson.JSON.parseObject(JSON.java:223)
	at com.socket.server.factory.WsHolder.reciveMsg(WsHolder.java:183)
	at com.socket.server.factory.WsHolder.access$100(WsHolder.java:26)
	at com.socket.server.factory.WsHolder$1.onMessage(WsHolder.java:79)
	at org.java_websocket.client.WebSocketClient.onWebsocketMessage(WebSocketClient.java:500)
	at org.java_websocket.drafts.Draft_6455.processFrameText(Draft_6455.java:858)
	at org.java_websocket.drafts.Draft_6455.processFrame(Draft_6455.java:792)
	at org.java_websocket.WebSocketImpl.decodeFrames(WebSocketImpl.java:381)
	at org.java_websocket.WebSocketImpl.decode(WebSocketImpl.java:218)
	at org.java_websocket.client.WebSocketClient.run(WebSocketClient.java:425)
	at java.lang.Thread.run(Thread.java:748)
2019-10-23 17:10:51.439 [WebSocketConnectReadThread-36] ERROR com.socket.server.factory.WsHolder - ws连接发生错误！syntax error, pos 4, json : Send a message from server. 
com.alibaba.fastjson.JSONException: syntax error, pos 4, json : Send a message from server. 
	at com.alibaba.fastjson.parser.DefaultJSONParser.parse(DefaultJSONParser.java:1433)
	at com.alibaba.fastjson.parser.DefaultJSONParser.parse(DefaultJSONParser.java:1322)
	at com.alibaba.fastjson.JSON.parse(JSON.java:152)
	at com.alibaba.fastjson.JSON.parse(JSON.java:162)
	at com.alibaba.fastjson.JSON.parse(JSON.java:131)
	at com.alibaba.fastjson.JSON.parseObject(JSON.java:223)
	at com.socket.server.factory.WsHolder.reciveMsg(WsHolder.java:183)
	at com.socket.server.factory.WsHolder.access$100(WsHolder.java:26)
	at com.socket.server.factory.WsHolder$1.onMessage(WsHolder.java:79)
	at org.java_websocket.client.WebSocketClient.onWebsocketMessage(WebSocketClient.java:500)
	at org.java_websocket.drafts.Draft_6455.processFrameText(Draft_6455.java:858)
	at org.java_websocket.drafts.Draft_6455.processFrame(Draft_6455.java:792)
	at org.java_websocket.WebSocketImpl.decodeFrames(WebSocketImpl.java:381)
	at org.java_websocket.WebSocketImpl.decode(WebSocketImpl.java:218)
	at org.java_websocket.client.WebSocketClient.run(WebSocketClient.java:425)
	at java.lang.Thread.run(Thread.java:748)
2019-10-23 17:10:51.441 [WebSocketConnectReadThread-36] ERROR org.java_websocket.drafts.Draft_6455 - Runtime exception during onWebsocketMessage
com.alibaba.fastjson.JSONException: syntax error, pos 4, json : Send a message from server. 
	at com.alibaba.fastjson.parser.DefaultJSONParser.parse(DefaultJSONParser.java:1433)
	at com.alibaba.fastjson.parser.DefaultJSONParser.parse(DefaultJSONParser.java:1322)
	at com.alibaba.fastjson.JSON.parse(JSON.java:152)
	at com.alibaba.fastjson.JSON.parse(JSON.java:162)
	at com.alibaba.fastjson.JSON.parse(JSON.java:131)
	at com.alibaba.fastjson.JSON.parseObject(JSON.java:223)
	at com.socket.server.factory.WsHolder.reciveMsg(WsHolder.java:183)
	at com.socket.server.factory.WsHolder.access$100(WsHolder.java:26)
	at com.socket.server.factory.WsHolder$1.onMessage(WsHolder.java:79)
	at org.java_websocket.client.WebSocketClient.onWebsocketMessage(WebSocketClient.java:500)
	at org.java_websocket.drafts.Draft_6455.processFrameText(Draft_6455.java:858)
	at org.java_websocket.drafts.Draft_6455.processFrame(Draft_6455.java:792)
	at org.java_websocket.WebSocketImpl.decodeFrames(WebSocketImpl.java:381)
	at org.java_websocket.WebSocketImpl.decode(WebSocketImpl.java:218)
	at org.java_websocket.client.WebSocketClient.run(WebSocketClient.java:425)
	at java.lang.Thread.run(Thread.java:748)
2019-10-23 17:10:51.439 [WebSocketConnectReadThread-40] ERROR com.socket.server.factory.WsHolder - ws连接发生错误！syntax error, pos 4, json : Send a message from server. 
com.alibaba.fastjson.JSONException: syntax error, pos 4, json : Send a message from server. 
	at com.alibaba.fastjson.parser.DefaultJSONParser.parse(DefaultJSONParser.java:1433)
	at com.alibaba.fastjson.parser.DefaultJSONParser.parse(DefaultJSONParser.java:1322)
	at com.alibaba.fastjson.JSON.parse(JSON.java:152)
	at com.alibaba.fastjson.JSON.parse(JSON.java:162)
	at com.alibaba.fastjson.JSON.parse(JSON.java:131)
	at com.alibaba.fastjson.JSON.parseObject(JSON.java:223)
	at com.socket.server.factory.WsHolder.reciveMsg(WsHolder.java:183)
	at com.socket.server.factory.WsHolder.access$100(WsHolder.java:26)
	at com.socket.server.factory.WsHolder$1.onMessage(WsHolder.java:79)
	at org.java_websocket.client.WebSocketClient.onWebsocketMessage(WebSocketClient.java:500)
	at org.java_websocket.drafts.Draft_6455.processFrameText(Draft_6455.java:858)
	at org.java_websocket.drafts.Draft_6455.processFrame(Draft_6455.java:792)
	at org.java_websocket.WebSocketImpl.decodeFrames(WebSocketImpl.java:381)
	at org.java_websocket.WebSocketImpl.decode(WebSocketImpl.java:218)
	at org.java_websocket.client.WebSocketClient.run(WebSocketClient.java:425)
	at java.lang.Thread.run(Thread.java:748)
2019-10-23 17:10:51.442 [WebSocketConnectReadThread-36] ERROR com.socket.server.factory.WsHolder - ws连接发生错误！syntax error, pos 4, json : Send a message from server. 
com.alibaba.fastjson.JSONException: syntax error, pos 4, json : Send a message from server. 
	at com.alibaba.fastjson.parser.DefaultJSONParser.parse(DefaultJSONParser.java:1433)
	at com.alibaba.fastjson.parser.DefaultJSONParser.parse(DefaultJSONParser.java:1322)
	at com.alibaba.fastjson.JSON.parse(JSON.java:152)
	at com.alibaba.fastjson.JSON.parse(JSON.java:162)
	at com.alibaba.fastjson.JSON.parse(JSON.java:131)
	at com.alibaba.fastjson.JSON.parseObject(JSON.java:223)
	at com.socket.server.factory.WsHolder.reciveMsg(WsHolder.java:183)
	at com.socket.server.factory.WsHolder.access$100(WsHolder.java:26)
	at com.socket.server.factory.WsHolder$1.onMessage(WsHolder.java:79)
	at org.java_websocket.client.WebSocketClient.onWebsocketMessage(WebSocketClient.java:500)
	at org.java_websocket.drafts.Draft_6455.processFrameText(Draft_6455.java:858)
	at org.java_websocket.drafts.Draft_6455.processFrame(Draft_6455.java:792)
	at org.java_websocket.WebSocketImpl.decodeFrames(WebSocketImpl.java:381)
	at org.java_websocket.WebSocketImpl.decode(WebSocketImpl.java:218)
	at org.java_websocket.client.WebSocketClient.run(WebSocketClient.java:425)
	at java.lang.Thread.run(Thread.java:748)
2019-10-23 17:10:51.442 [WebSocketConnectReadThread-36] ERROR org.java_websocket.drafts.Draft_6455 - Runtime exception during onWebsocketMessage
com.alibaba.fastjson.JSONException: syntax error, pos 4, json : Send a message from server. 
	at com.alibaba.fastjson.parser.DefaultJSONParser.parse(DefaultJSONParser.java:1433)
	at com.alibaba.fastjson.parser.DefaultJSONParser.parse(DefaultJSONParser.java:1322)
	at com.alibaba.fastjson.JSON.parse(JSON.java:152)
	at com.alibaba.fastjson.JSON.parse(JSON.java:162)
	at com.alibaba.fastjson.JSON.parse(JSON.java:131)
	at com.alibaba.fastjson.JSON.parseObject(JSON.java:223)
	at com.socket.server.factory.WsHolder.reciveMsg(WsHolder.java:183)
	at com.socket.server.factory.WsHolder.access$100(WsHolder.java:26)
	at com.socket.server.factory.WsHolder$1.onMessage(WsHolder.java:79)
	at org.java_websocket.client.WebSocketClient.onWebsocketMessage(WebSocketClient.java:500)
	at org.java_websocket.drafts.Draft_6455.processFrameText(Draft_6455.java:858)
	at org.java_websocket.drafts.Draft_6455.processFrame(Draft_6455.java:792)
	at org.java_websocket.WebSocketImpl.decodeFrames(WebSocketImpl.java:381)
	at org.java_websocket.WebSocketImpl.decode(WebSocketImpl.java:218)
	at org.java_websocket.client.WebSocketClient.run(WebSocketClient.java:425)
	at java.lang.Thread.run(Thread.java:748)
2019-10-23 17:10:51.442 [WebSocketConnectReadThread-36] ERROR com.socket.server.factory.WsHolder - ws连接发生错误！syntax error, pos 4, json : Send a message from server. 
com.alibaba.fastjson.JSONException: syntax error, pos 4, json : Send a message from server. 
	at com.alibaba.fastjson.parser.DefaultJSONParser.parse(DefaultJSONParser.java:1433)
	at com.alibaba.fastjson.parser.DefaultJSONParser.parse(DefaultJSONParser.java:1322)
	at com.alibaba.fastjson.JSON.parse(JSON.java:152)
	at com.alibaba.fastjson.JSON.parse(JSON.java:162)
	at com.alibaba.fastjson.JSON.parse(JSON.java:131)
	at com.alibaba.fastjson.JSON.parseObject(JSON.java:223)
	at com.socket.server.factory.WsHolder.reciveMsg(WsHolder.java:183)
	at com.socket.server.factory.WsHolder.access$100(WsHolder.java:26)
	at com.socket.server.factory.WsHolder$1.onMessage(WsHolder.java:79)
	at org.java_websocket.client.WebSocketClient.onWebsocketMessage(WebSocketClient.java:500)
	at org.java_websocket.drafts.Draft_6455.processFrameText(Draft_6455.java:858)
	at org.java_websocket.drafts.Draft_6455.processFrame(Draft_6455.java:792)
	at org.java_websocket.WebSocketImpl.decodeFrames(WebSocketImpl.java:381)
	at org.java_websocket.WebSocketImpl.decode(WebSocketImpl.java:218)
	at org.java_websocket.client.WebSocketClient.run(WebSocketClient.java:425)
	at java.lang.Thread.run(Thread.java:748)
2019-10-23 17:10:51.443 [WebSocketConnectReadThread-36] ERROR org.java_websocket.drafts.Draft_6455 - Runtime exception during onWebsocketMessage
com.alibaba.fastjson.JSONException: syntax error, pos 4, json : Send a message from server. 
	at com.alibaba.fastjson.parser.DefaultJSONParser.parse(DefaultJSONParser.java:1433)
	at com.alibaba.fastjson.parser.DefaultJSONParser.parse(DefaultJSONParser.java:1322)
	at com.alibaba.fastjson.JSON.parse(JSON.java:152)
	at com.alibaba.fastjson.JSON.parse(JSON.java:162)
	at com.alibaba.fastjson.JSON.parse(JSON.java:131)
	at com.alibaba.fastjson.JSON.parseObject(JSON.java:223)
	at com.socket.server.factory.WsHolder.reciveMsg(WsHolder.java:183)
	at com.socket.server.factory.WsHolder.access$100(WsHolder.java:26)
	at com.socket.server.factory.WsHolder$1.onMessage(WsHolder.java:79)
	at org.java_websocket.client.WebSocketClient.onWebsocketMessage(WebSocketClient.java:500)
	at org.java_websocket.drafts.Draft_6455.processFrameText(Draft_6455.java:858)
	at org.java_websocket.drafts.Draft_6455.processFrame(Draft_6455.java:792)
	at org.java_websocket.WebSocketImpl.decodeFrames(WebSocketImpl.java:381)
	at org.java_websocket.WebSocketImpl.decode(WebSocketImpl.java:218)
	at org.java_websocket.client.WebSocketClient.run(WebSocketClient.java:425)
	at java.lang.Thread.run(Thread.java:748)
2019-10-23 17:10:51.443 [WebSocketConnectReadThread-36] ERROR com.socket.server.factory.WsHolder - ws连接发生错误！syntax error, pos 4, json : Send a message from server. 
com.alibaba.fastjson.JSONException: syntax error, pos 4, json : Send a message from server. 
	at com.alibaba.fastjson.parser.DefaultJSONParser.parse(DefaultJSONParser.java:1433)
	at com.alibaba.fastjson.parser.DefaultJSONParser.parse(DefaultJSONParser.java:1322)
	at com.alibaba.fastjson.JSON.parse(JSON.java:152)
	at com.alibaba.fastjson.JSON.parse(JSON.java:162)
	at com.alibaba.fastjson.JSON.parse(JSON.java:131)
	at com.alibaba.fastjson.JSON.parseObject(JSON.java:223)
	at com.socket.server.factory.WsHolder.reciveMsg(WsHolder.java:183)
	at com.socket.server.factory.WsHolder.access$100(WsHolder.java:26)
	at com.socket.server.factory.WsHolder$1.onMessage(WsHolder.java:79)
	at org.java_websocket.client.WebSocketClient.onWebsocketMessage(WebSocketClient.java:500)
	at org.java_websocket.drafts.Draft_6455.processFrameText(Draft_6455.java:858)
	at org.java_websocket.drafts.Draft_6455.processFrame(Draft_6455.java:792)
	at org.java_websocket.WebSocketImpl.decodeFrames(WebSocketImpl.java:381)
	at org.java_websocket.WebSocketImpl.decode(WebSocketImpl.java:218)
	at org.java_websocket.client.WebSocketClient.run(WebSocketClient.java:425)
	at java.lang.Thread.run(Thread.java:748)
2019-10-23 17:10:51.442 [WebSocketConnectReadThread-40] ERROR org.java_websocket.drafts.Draft_6455 - Runtime exception during onWebsocketMessage
com.alibaba.fastjson.JSONException: syntax error, pos 4, json : Send a message from server. 
	at com.alibaba.fastjson.parser.DefaultJSONParser.parse(DefaultJSONParser.java:1433)
	at com.alibaba.fastjson.parser.DefaultJSONParser.parse(DefaultJSONParser.java:1322)
	at com.alibaba.fastjson.JSON.parse(JSON.java:152)
	at com.alibaba.fastjson.JSON.parse(JSON.java:162)
	at com.alibaba.fastjson.JSON.parse(JSON.java:131)
	at com.alibaba.fastjson.JSON.parseObject(JSON.java:223)
	at com.socket.server.factory.WsHolder.reciveMsg(WsHolder.java:183)
	at com.socket.server.factory.WsHolder.access$100(WsHolder.java:26)
	at com.socket.server.factory.WsHolder$1.onMessage(WsHolder.java:79)
	at org.java_websocket.client.WebSocketClient.onWebsocketMessage(WebSocketClient.java:500)
	at org.java_websocket.drafts.Draft_6455.processFrameText(Draft_6455.java:858)
	at org.java_websocket.drafts.Draft_6455.processFrame(Draft_6455.java:792)
	at org.java_websocket.WebSocketImpl.decodeFrames(WebSocketImpl.java:381)
	at org.java_websocket.WebSocketImpl.decode(WebSocketImpl.java:218)
	at org.java_websocket.client.WebSocketClient.run(WebSocketClient.java:425)
	at java.lang.Thread.run(Thread.java:748)
2019-10-23 17:10:51.444 [WebSocketConnectReadThread-40] ERROR com.socket.server.factory.WsHolder - ws连接发生错误！syntax error, pos 4, json : Send a message from server. 
com.alibaba.fastjson.JSONException: syntax error, pos 4, json : Send a message from server. 
	at com.alibaba.fastjson.parser.DefaultJSONParser.parse(DefaultJSONParser.java:1433)
	at com.alibaba.fastjson.parser.DefaultJSONParser.parse(DefaultJSONParser.java:1322)
	at com.alibaba.fastjson.JSON.parse(JSON.java:152)
	at com.alibaba.fastjson.JSON.parse(JSON.java:162)
	at com.alibaba.fastjson.JSON.parse(JSON.java:131)
	at com.alibaba.fastjson.JSON.parseObject(JSON.java:223)
	at com.socket.server.factory.WsHolder.reciveMsg(WsHolder.java:183)
	at com.socket.server.factory.WsHolder.access$100(WsHolder.java:26)
	at com.socket.server.factory.WsHolder$1.onMessage(WsHolder.java:79)
	at org.java_websocket.client.WebSocketClient.onWebsocketMessage(WebSocketClient.java:500)
	at org.java_websocket.drafts.Draft_6455.processFrameText(Draft_6455.java:858)
	at org.java_websocket.drafts.Draft_6455.processFrame(Draft_6455.java:792)
	at org.java_websocket.WebSocketImpl.decodeFrames(WebSocketImpl.java:381)
	at org.java_websocket.WebSocketImpl.decode(WebSocketImpl.java:218)
	at org.java_websocket.client.WebSocketClient.run(WebSocketClient.java:425)
	at java.lang.Thread.run(Thread.java:748)
2019-10-23 17:20:02.024 [WebSocketConnectReadThread-83] ERROR com.socket.server.factory.WsHolder - ws连接发生错误！Connection refused (Connection refused)
java.net.ConnectException: Connection refused (Connection refused)
	at java.net.PlainSocketImpl.socketConnect(Native Method)
	at java.net.AbstractPlainSocketImpl.doConnect(AbstractPlainSocketImpl.java:350)
	at java.net.AbstractPlainSocketImpl.connectToAddress(AbstractPlainSocketImpl.java:206)
	at java.net.AbstractPlainSocketImpl.connect(AbstractPlainSocketImpl.java:188)
	at java.net.Socket.connect(Socket.java:589)
	at org.java_websocket.client.WebSocketClient.run(WebSocketClient.java:395)
	at java.lang.Thread.run(Thread.java:748)
2019-10-23 17:20:07.556 [WebSocketConnectReadThread-84] ERROR com.socket.server.factory.WsHolder - ws连接发生错误！Connection refused (Connection refused)
java.net.ConnectException: Connection refused (Connection refused)
	at java.net.PlainSocketImpl.socketConnect(Native Method)
	at java.net.AbstractPlainSocketImpl.doConnect(AbstractPlainSocketImpl.java:350)
	at java.net.AbstractPlainSocketImpl.connectToAddress(AbstractPlainSocketImpl.java:206)
	at java.net.AbstractPlainSocketImpl.connect(AbstractPlainSocketImpl.java:188)
	at java.net.Socket.connect(Socket.java:589)
	at org.java_websocket.client.WebSocketClient.run(WebSocketClient.java:395)
	at java.lang.Thread.run(Thread.java:748)
2019-10-23 17:21:52.935 [WebSocketConnectReadThread-35] ERROR org.java_websocket.drafts.Draft_6455 - Runtime exception during onWebsocketMessage
com.alibaba.fastjson.JSONException: can not cast to JSONObject.
	at com.alibaba.fastjson.JSON.parseObject(JSON.java:231)
	at com.alibaba.fastjson.JSONObject.getJSONObject(JSONObject.java:117)
	at com.socket.server.manager.PushManager.received(PushManager.java:51)
	at com.socket.server.manager.RegisterManager.recived(RegisterManager.java:50)
	at com.socket.server.manager.MsgManager.callBack(MsgManager.java:26)
	at com.socket.server.factory.WsFactory$2.onMsg(WsFactory.java:125)
	at com.socket.server.factory.WsHolder.reciveMsg(WsHolder.java:186)
	at com.socket.server.factory.WsHolder.access$100(WsHolder.java:26)
	at com.socket.server.factory.WsHolder$1.onMessage(WsHolder.java:79)
	at org.java_websocket.client.WebSocketClient.onWebsocketMessage(WebSocketClient.java:500)
	at org.java_websocket.drafts.Draft_6455.processFrameText(Draft_6455.java:858)
	at org.java_websocket.drafts.Draft_6455.processFrame(Draft_6455.java:792)
	at org.java_websocket.WebSocketImpl.decodeFrames(WebSocketImpl.java:381)
	at org.java_websocket.WebSocketImpl.decode(WebSocketImpl.java:218)
	at org.java_websocket.client.WebSocketClient.run(WebSocketClient.java:425)
	at java.lang.Thread.run(Thread.java:748)
Caused by: java.lang.ClassCastException: java.lang.Integer cannot be cast to com.alibaba.fastjson.JSONObject
	at com.alibaba.fastjson.JSON.parseObject(JSON.java:229)
	... 15 common frames omitted
2019-10-23 17:21:52.935 [WebSocketConnectReadThread-39] ERROR org.java_websocket.drafts.Draft_6455 - Runtime exception during onWebsocketMessage
com.alibaba.fastjson.JSONException: can not cast to JSONObject.
	at com.alibaba.fastjson.JSON.parseObject(JSON.java:231)
	at com.alibaba.fastjson.JSONObject.getJSONObject(JSONObject.java:117)
	at com.socket.server.manager.PushManager.received(PushManager.java:51)
	at com.socket.server.manager.RegisterManager.recived(RegisterManager.java:50)
	at com.socket.server.manager.MsgManager.callBack(MsgManager.java:26)
	at com.socket.server.factory.WsFactory$2.onMsg(WsFactory.java:125)
	at com.socket.server.factory.WsHolder.reciveMsg(WsHolder.java:186)
	at com.socket.server.factory.WsHolder.access$100(WsHolder.java:26)
	at com.socket.server.factory.WsHolder$1.onMessage(WsHolder.java:79)
	at org.java_websocket.client.WebSocketClient.onWebsocketMessage(WebSocketClient.java:500)
	at org.java_websocket.drafts.Draft_6455.processFrameText(Draft_6455.java:858)
	at org.java_websocket.drafts.Draft_6455.processFrame(Draft_6455.java:792)
	at org.java_websocket.WebSocketImpl.decodeFrames(WebSocketImpl.java:381)
	at org.java_websocket.WebSocketImpl.decode(WebSocketImpl.java:218)
	at org.java_websocket.client.WebSocketClient.run(WebSocketClient.java:425)
	at java.lang.Thread.run(Thread.java:748)
Caused by: java.lang.ClassCastException: java.lang.Integer cannot be cast to com.alibaba.fastjson.JSONObject
	at com.alibaba.fastjson.JSON.parseObject(JSON.java:229)
	... 15 common frames omitted
2019-10-23 17:21:52.937 [WebSocketConnectReadThread-35] ERROR com.socket.server.factory.WsHolder - ws连接发生错误！can not cast to JSONObject.
com.alibaba.fastjson.JSONException: can not cast to JSONObject.
	at com.alibaba.fastjson.JSON.parseObject(JSON.java:231)
	at com.alibaba.fastjson.JSONObject.getJSONObject(JSONObject.java:117)
	at com.socket.server.manager.PushManager.received(PushManager.java:51)
	at com.socket.server.manager.RegisterManager.recived(RegisterManager.java:50)
	at com.socket.server.manager.MsgManager.callBack(MsgManager.java:26)
	at com.socket.server.factory.WsFactory$2.onMsg(WsFactory.java:125)
	at com.socket.server.factory.WsHolder.reciveMsg(WsHolder.java:186)
	at com.socket.server.factory.WsHolder.access$100(WsHolder.java:26)
	at com.socket.server.factory.WsHolder$1.onMessage(WsHolder.java:79)
	at org.java_websocket.client.WebSocketClient.onWebsocketMessage(WebSocketClient.java:500)
	at org.java_websocket.drafts.Draft_6455.processFrameText(Draft_6455.java:858)
	at org.java_websocket.drafts.Draft_6455.processFrame(Draft_6455.java:792)
	at org.java_websocket.WebSocketImpl.decodeFrames(WebSocketImpl.java:381)
	at org.java_websocket.WebSocketImpl.decode(WebSocketImpl.java:218)
	at org.java_websocket.client.WebSocketClient.run(WebSocketClient.java:425)
	at java.lang.Thread.run(Thread.java:748)
Caused by: java.lang.ClassCastException: java.lang.Integer cannot be cast to com.alibaba.fastjson.JSONObject
	at com.alibaba.fastjson.JSON.parseObject(JSON.java:229)
	... 15 common frames omitted
2019-10-23 17:21:52.937 [WebSocketConnectReadThread-39] ERROR com.socket.server.factory.WsHolder - ws连接发生错误！can not cast to JSONObject.
com.alibaba.fastjson.JSONException: can not cast to JSONObject.
	at com.alibaba.fastjson.JSON.parseObject(JSON.java:231)
	at com.alibaba.fastjson.JSONObject.getJSONObject(JSONObject.java:117)
	at com.socket.server.manager.PushManager.received(PushManager.java:51)
	at com.socket.server.manager.RegisterManager.recived(RegisterManager.java:50)
	at com.socket.server.manager.MsgManager.callBack(MsgManager.java:26)
	at com.socket.server.factory.WsFactory$2.onMsg(WsFactory.java:125)
	at com.socket.server.factory.WsHolder.reciveMsg(WsHolder.java:186)
	at com.socket.server.factory.WsHolder.access$100(WsHolder.java:26)
	at com.socket.server.factory.WsHolder$1.onMessage(WsHolder.java:79)
	at org.java_websocket.client.WebSocketClient.onWebsocketMessage(WebSocketClient.java:500)
	at org.java_websocket.drafts.Draft_6455.processFrameText(Draft_6455.java:858)
	at org.java_websocket.drafts.Draft_6455.processFrame(Draft_6455.java:792)
	at org.java_websocket.WebSocketImpl.decodeFrames(WebSocketImpl.java:381)
	at org.java_websocket.WebSocketImpl.decode(WebSocketImpl.java:218)
	at org.java_websocket.client.WebSocketClient.run(WebSocketClient.java:425)
	at java.lang.Thread.run(Thread.java:748)
Caused by: java.lang.ClassCastException: java.lang.Integer cannot be cast to com.alibaba.fastjson.JSONObject
	at com.alibaba.fastjson.JSON.parseObject(JSON.java:229)
	... 15 common frames omitted
2019-10-23 17:21:52.938 [WebSocketConnectReadThread-39] ERROR org.java_websocket.drafts.Draft_6455 - Runtime exception during onWebsocketMessage
com.alibaba.fastjson.JSONException: can not cast to JSONObject.
	at com.alibaba.fastjson.JSON.parseObject(JSON.java:231)
	at com.alibaba.fastjson.JSONObject.getJSONObject(JSONObject.java:117)
	at com.socket.server.manager.PushManager.received(PushManager.java:51)
	at com.socket.server.manager.RegisterManager.recived(RegisterManager.java:50)
	at com.socket.server.manager.MsgManager.callBack(MsgManager.java:26)
	at com.socket.server.factory.WsFactory$2.onMsg(WsFactory.java:125)
	at com.socket.server.factory.WsHolder.reciveMsg(WsHolder.java:186)
	at com.socket.server.factory.WsHolder.access$100(WsHolder.java:26)
	at com.socket.server.factory.WsHolder$1.onMessage(WsHolder.java:79)
	at org.java_websocket.client.WebSocketClient.onWebsocketMessage(WebSocketClient.java:500)
	at org.java_websocket.drafts.Draft_6455.processFrameText(Draft_6455.java:858)
	at org.java_websocket.drafts.Draft_6455.processFrame(Draft_6455.java:792)
	at org.java_websocket.WebSocketImpl.decodeFrames(WebSocketImpl.java:381)
	at org.java_websocket.WebSocketImpl.decode(WebSocketImpl.java:218)
	at org.java_websocket.client.WebSocketClient.run(WebSocketClient.java:425)
	at java.lang.Thread.run(Thread.java:748)
Caused by: java.lang.ClassCastException: java.lang.Integer cannot be cast to com.alibaba.fastjson.JSONObject
	at com.alibaba.fastjson.JSON.parseObject(JSON.java:229)
	... 15 common frames omitted
2019-10-23 17:21:52.939 [WebSocketConnectReadThread-39] ERROR com.socket.server.factory.WsHolder - ws连接发生错误！can not cast to JSONObject.
com.alibaba.fastjson.JSONException: can not cast to JSONObject.
	at com.alibaba.fastjson.JSON.parseObject(JSON.java:231)
	at com.alibaba.fastjson.JSONObject.getJSONObject(JSONObject.java:117)
	at com.socket.server.manager.PushManager.received(PushManager.java:51)
	at com.socket.server.manager.RegisterManager.recived(RegisterManager.java:50)
	at com.socket.server.manager.MsgManager.callBack(MsgManager.java:26)
	at com.socket.server.factory.WsFactory$2.onMsg(WsFactory.java:125)
	at com.socket.server.factory.WsHolder.reciveMsg(WsHolder.java:186)
	at com.socket.server.factory.WsHolder.access$100(WsHolder.java:26)
	at com.socket.server.factory.WsHolder$1.onMessage(WsHolder.java:79)
	at org.java_websocket.client.WebSocketClient.onWebsocketMessage(WebSocketClient.java:500)
	at org.java_websocket.drafts.Draft_6455.processFrameText(Draft_6455.java:858)
	at org.java_websocket.drafts.Draft_6455.processFrame(Draft_6455.java:792)
	at org.java_websocket.WebSocketImpl.decodeFrames(WebSocketImpl.java:381)
	at org.java_websocket.WebSocketImpl.decode(WebSocketImpl.java:218)
	at org.java_websocket.client.WebSocketClient.run(WebSocketClient.java:425)
	at java.lang.Thread.run(Thread.java:748)
Caused by: java.lang.ClassCastException: java.lang.Integer cannot be cast to com.alibaba.fastjson.JSONObject
	at com.alibaba.fastjson.JSON.parseObject(JSON.java:229)
	... 15 common frames omitted
2019-10-23 17:21:52.940 [WebSocketConnectReadThread-39] ERROR org.java_websocket.drafts.Draft_6455 - Runtime exception during onWebsocketMessage
com.alibaba.fastjson.JSONException: can not cast to JSONObject.
	at com.alibaba.fastjson.JSON.parseObject(JSON.java:231)
	at com.alibaba.fastjson.JSONObject.getJSONObject(JSONObject.java:117)
	at com.socket.server.manager.PushManager.received(PushManager.java:51)
	at com.socket.server.manager.RegisterManager.recived(RegisterManager.java:50)
	at com.socket.server.manager.MsgManager.callBack(MsgManager.java:26)
	at com.socket.server.factory.WsFactory$2.onMsg(WsFactory.java:125)
	at com.socket.server.factory.WsHolder.reciveMsg(WsHolder.java:186)
	at com.socket.server.factory.WsHolder.access$100(WsHolder.java:26)
	at com.socket.server.factory.WsHolder$1.onMessage(WsHolder.java:79)
	at org.java_websocket.client.WebSocketClient.onWebsocketMessage(WebSocketClient.java:500)
	at org.java_websocket.drafts.Draft_6455.processFrameText(Draft_6455.java:858)
	at org.java_websocket.drafts.Draft_6455.processFrame(Draft_6455.java:792)
	at org.java_websocket.WebSocketImpl.decodeFrames(WebSocketImpl.java:381)
	at org.java_websocket.WebSocketImpl.decode(WebSocketImpl.java:218)
	at org.java_websocket.client.WebSocketClient.run(WebSocketClient.java:425)
	at java.lang.Thread.run(Thread.java:748)
Caused by: java.lang.ClassCastException: java.lang.Integer cannot be cast to com.alibaba.fastjson.JSONObject
	at com.alibaba.fastjson.JSON.parseObject(JSON.java:229)
	... 15 common frames omitted
2019-10-23 17:21:52.940 [WebSocketConnectReadThread-35] ERROR org.java_websocket.drafts.Draft_6455 - Runtime exception during onWebsocketMessage
com.alibaba.fastjson.JSONException: can not cast to JSONObject.
	at com.alibaba.fastjson.JSON.parseObject(JSON.java:231)
	at com.alibaba.fastjson.JSONObject.getJSONObject(JSONObject.java:117)
	at com.socket.server.manager.PushManager.received(PushManager.java:51)
	at com.socket.server.manager.RegisterManager.recived(RegisterManager.java:50)
	at com.socket.server.manager.MsgManager.callBack(MsgManager.java:26)
	at com.socket.server.factory.WsFactory$2.onMsg(WsFactory.java:125)
	at com.socket.server.factory.WsHolder.reciveMsg(WsHolder.java:186)
	at com.socket.server.factory.WsHolder.access$100(WsHolder.java:26)
	at com.socket.server.factory.WsHolder$1.onMessage(WsHolder.java:79)
	at org.java_websocket.client.WebSocketClient.onWebsocketMessage(WebSocketClient.java:500)
	at org.java_websocket.drafts.Draft_6455.processFrameText(Draft_6455.java:858)
	at org.java_websocket.drafts.Draft_6455.processFrame(Draft_6455.java:792)
	at org.java_websocket.WebSocketImpl.decodeFrames(WebSocketImpl.java:381)
	at org.java_websocket.WebSocketImpl.decode(WebSocketImpl.java:218)
	at org.java_websocket.client.WebSocketClient.run(WebSocketClient.java:425)
	at java.lang.Thread.run(Thread.java:748)
Caused by: java.lang.ClassCastException: java.lang.Integer cannot be cast to com.alibaba.fastjson.JSONObject
	at com.alibaba.fastjson.JSON.parseObject(JSON.java:229)
	... 15 common frames omitted
2019-10-23 17:21:52.941 [WebSocketConnectReadThread-35] ERROR com.socket.server.factory.WsHolder - ws连接发生错误！can not cast to JSONObject.
com.alibaba.fastjson.JSONException: can not cast to JSONObject.
	at com.alibaba.fastjson.JSON.parseObject(JSON.java:231)
	at com.alibaba.fastjson.JSONObject.getJSONObject(JSONObject.java:117)
	at com.socket.server.manager.PushManager.received(PushManager.java:51)
	at com.socket.server.manager.RegisterManager.recived(RegisterManager.java:50)
	at com.socket.server.manager.MsgManager.callBack(MsgManager.java:26)
	at com.socket.server.factory.WsFactory$2.onMsg(WsFactory.java:125)
	at com.socket.server.factory.WsHolder.reciveMsg(WsHolder.java:186)
	at com.socket.server.factory.WsHolder.access$100(WsHolder.java:26)
	at com.socket.server.factory.WsHolder$1.onMessage(WsHolder.java:79)
	at org.java_websocket.client.WebSocketClient.onWebsocketMessage(WebSocketClient.java:500)
	at org.java_websocket.drafts.Draft_6455.processFrameText(Draft_6455.java:858)
	at org.java_websocket.drafts.Draft_6455.processFrame(Draft_6455.java:792)
	at org.java_websocket.WebSocketImpl.decodeFrames(WebSocketImpl.java:381)
	at org.java_websocket.WebSocketImpl.decode(WebSocketImpl.java:218)
	at org.java_websocket.client.WebSocketClient.run(WebSocketClient.java:425)
	at java.lang.Thread.run(Thread.java:748)
Caused by: java.lang.ClassCastException: java.lang.Integer cannot be cast to com.alibaba.fastjson.JSONObject
	at com.alibaba.fastjson.JSON.parseObject(JSON.java:229)
	... 15 common frames omitted
2019-10-23 17:21:52.941 [WebSocketConnectReadThread-39] ERROR com.socket.server.factory.WsHolder - ws连接发生错误！can not cast to JSONObject.
com.alibaba.fastjson.JSONException: can not cast to JSONObject.
	at com.alibaba.fastjson.JSON.parseObject(JSON.java:231)
	at com.alibaba.fastjson.JSONObject.getJSONObject(JSONObject.java:117)
	at com.socket.server.manager.PushManager.received(PushManager.java:51)
	at com.socket.server.manager.RegisterManager.recived(RegisterManager.java:50)
	at com.socket.server.manager.MsgManager.callBack(MsgManager.java:26)
	at com.socket.server.factory.WsFactory$2.onMsg(WsFactory.java:125)
	at com.socket.server.factory.WsHolder.reciveMsg(WsHolder.java:186)
	at com.socket.server.factory.WsHolder.access$100(WsHolder.java:26)
	at com.socket.server.factory.WsHolder$1.onMessage(WsHolder.java:79)
	at org.java_websocket.client.WebSocketClient.onWebsocketMessage(WebSocketClient.java:500)
	at org.java_websocket.drafts.Draft_6455.processFrameText(Draft_6455.java:858)
	at org.java_websocket.drafts.Draft_6455.processFrame(Draft_6455.java:792)
	at org.java_websocket.WebSocketImpl.decodeFrames(WebSocketImpl.java:381)
	at org.java_websocket.WebSocketImpl.decode(WebSocketImpl.java:218)
	at org.java_websocket.client.WebSocketClient.run(WebSocketClient.java:425)
	at java.lang.Thread.run(Thread.java:748)
Caused by: java.lang.ClassCastException: java.lang.Integer cannot be cast to com.alibaba.fastjson.JSONObject
	at com.alibaba.fastjson.JSON.parseObject(JSON.java:229)
	... 15 common frames omitted
2019-10-23 17:21:52.943 [WebSocketConnectReadThread-35] ERROR org.java_websocket.drafts.Draft_6455 - Runtime exception during onWebsocketMessage
com.alibaba.fastjson.JSONException: can not cast to JSONObject.
	at com.alibaba.fastjson.JSON.parseObject(JSON.java:231)
	at com.alibaba.fastjson.JSONObject.getJSONObject(JSONObject.java:117)
	at com.socket.server.manager.PushManager.received(PushManager.java:51)
	at com.socket.server.manager.RegisterManager.recived(RegisterManager.java:50)
	at com.socket.server.manager.MsgManager.callBack(MsgManager.java:26)
	at com.socket.server.factory.WsFactory$2.onMsg(WsFactory.java:125)
	at com.socket.server.factory.WsHolder.reciveMsg(WsHolder.java:186)
	at com.socket.server.factory.WsHolder.access$100(WsHolder.java:26)
	at com.socket.server.factory.WsHolder$1.onMessage(WsHolder.java:79)
	at org.java_websocket.client.WebSocketClient.onWebsocketMessage(WebSocketClient.java:500)
	at org.java_websocket.drafts.Draft_6455.processFrameText(Draft_6455.java:858)
	at org.java_websocket.drafts.Draft_6455.processFrame(Draft_6455.java:792)
	at org.java_websocket.WebSocketImpl.decodeFrames(WebSocketImpl.java:381)
	at org.java_websocket.WebSocketImpl.decode(WebSocketImpl.java:218)
	at org.java_websocket.client.WebSocketClient.run(WebSocketClient.java:425)
	at java.lang.Thread.run(Thread.java:748)
Caused by: java.lang.ClassCastException: java.lang.Integer cannot be cast to com.alibaba.fastjson.JSONObject
	at com.alibaba.fastjson.JSON.parseObject(JSON.java:229)
	... 15 common frames omitted
2019-10-23 17:21:52.944 [WebSocketConnectReadThread-35] ERROR com.socket.server.factory.WsHolder - ws连接发生错误！can not cast to JSONObject.
com.alibaba.fastjson.JSONException: can not cast to JSONObject.
	at com.alibaba.fastjson.JSON.parseObject(JSON.java:231)
	at com.alibaba.fastjson.JSONObject.getJSONObject(JSONObject.java:117)
	at com.socket.server.manager.PushManager.received(PushManager.java:51)
	at com.socket.server.manager.RegisterManager.recived(RegisterManager.java:50)
	at com.socket.server.manager.MsgManager.callBack(MsgManager.java:26)
	at com.socket.server.factory.WsFactory$2.onMsg(WsFactory.java:125)
	at com.socket.server.factory.WsHolder.reciveMsg(WsHolder.java:186)
	at com.socket.server.factory.WsHolder.access$100(WsHolder.java:26)
	at com.socket.server.factory.WsHolder$1.onMessage(WsHolder.java:79)
	at org.java_websocket.client.WebSocketClient.onWebsocketMessage(WebSocketClient.java:500)
	at org.java_websocket.drafts.Draft_6455.processFrameText(Draft_6455.java:858)
	at org.java_websocket.drafts.Draft_6455.processFrame(Draft_6455.java:792)
	at org.java_websocket.WebSocketImpl.decodeFrames(WebSocketImpl.java:381)
	at org.java_websocket.WebSocketImpl.decode(WebSocketImpl.java:218)
	at org.java_websocket.client.WebSocketClient.run(WebSocketClient.java:425)
	at java.lang.Thread.run(Thread.java:748)
Caused by: java.lang.ClassCastException: java.lang.Integer cannot be cast to com.alibaba.fastjson.JSONObject
	at com.alibaba.fastjson.JSON.parseObject(JSON.java:229)
	... 15 common frames omitted
2019-10-23 17:21:52.950 [WebSocketConnectReadThread-35] ERROR org.java_websocket.drafts.Draft_6455 - Runtime exception during onWebsocketMessage
com.alibaba.fastjson.JSONException: can not cast to JSONObject.
	at com.alibaba.fastjson.JSON.parseObject(JSON.java:231)
	at com.alibaba.fastjson.JSONObject.getJSONObject(JSONObject.java:117)
	at com.socket.server.manager.PushManager.received(PushManager.java:51)
	at com.socket.server.manager.RegisterManager.recived(RegisterManager.java:50)
	at com.socket.server.manager.MsgManager.callBack(MsgManager.java:26)
	at com.socket.server.factory.WsFactory$2.onMsg(WsFactory.java:125)
	at com.socket.server.factory.WsHolder.reciveMsg(WsHolder.java:186)
	at com.socket.server.factory.WsHolder.access$100(WsHolder.java:26)
	at com.socket.server.factory.WsHolder$1.onMessage(WsHolder.java:79)
	at org.java_websocket.client.WebSocketClient.onWebsocketMessage(WebSocketClient.java:500)
	at org.java_websocket.drafts.Draft_6455.processFrameText(Draft_6455.java:858)
	at org.java_websocket.drafts.Draft_6455.processFrame(Draft_6455.java:792)
	at org.java_websocket.WebSocketImpl.decodeFrames(WebSocketImpl.java:381)
	at org.java_websocket.WebSocketImpl.decode(WebSocketImpl.java:218)
	at org.java_websocket.client.WebSocketClient.run(WebSocketClient.java:425)
	at java.lang.Thread.run(Thread.java:748)
Caused by: java.lang.ClassCastException: java.lang.Integer cannot be cast to com.alibaba.fastjson.JSONObject
	at com.alibaba.fastjson.JSON.parseObject(JSON.java:229)
	... 15 common frames omitted
2019-10-23 17:21:52.950 [WebSocketConnectReadThread-35] ERROR com.socket.server.factory.WsHolder - ws连接发生错误！can not cast to JSONObject.
com.alibaba.fastjson.JSONException: can not cast to JSONObject.
	at com.alibaba.fastjson.JSON.parseObject(JSON.java:231)
	at com.alibaba.fastjson.JSONObject.getJSONObject(JSONObject.java:117)
	at com.socket.server.manager.PushManager.received(PushManager.java:51)
	at com.socket.server.manager.RegisterManager.recived(RegisterManager.java:50)
	at com.socket.server.manager.MsgManager.callBack(MsgManager.java:26)
	at com.socket.server.factory.WsFactory$2.onMsg(WsFactory.java:125)
	at com.socket.server.factory.WsHolder.reciveMsg(WsHolder.java:186)
	at com.socket.server.factory.WsHolder.access$100(WsHolder.java:26)
	at com.socket.server.factory.WsHolder$1.onMessage(WsHolder.java:79)
	at org.java_websocket.client.WebSocketClient.onWebsocketMessage(WebSocketClient.java:500)
	at org.java_websocket.drafts.Draft_6455.processFrameText(Draft_6455.java:858)
	at org.java_websocket.drafts.Draft_6455.processFrame(Draft_6455.java:792)
	at org.java_websocket.WebSocketImpl.decodeFrames(WebSocketImpl.java:381)
	at org.java_websocket.WebSocketImpl.decode(WebSocketImpl.java:218)
	at org.java_websocket.client.WebSocketClient.run(WebSocketClient.java:425)
	at java.lang.Thread.run(Thread.java:748)
Caused by: java.lang.ClassCastException: java.lang.Integer cannot be cast to com.alibaba.fastjson.JSONObject
	at com.alibaba.fastjson.JSON.parseObject(JSON.java:229)
	... 15 common frames omitted
2019-10-23 17:21:52.952 [WebSocketConnectReadThread-43] ERROR org.java_websocket.drafts.Draft_6455 - Runtime exception during onWebsocketMessage
com.alibaba.fastjson.JSONException: can not cast to JSONObject.
	at com.alibaba.fastjson.JSON.parseObject(JSON.java:231)
	at com.alibaba.fastjson.JSONObject.getJSONObject(JSONObject.java:117)
	at com.socket.server.manager.PushManager.received(PushManager.java:51)
	at com.socket.server.manager.RegisterManager.recived(RegisterManager.java:50)
	at com.socket.server.manager.MsgManager.callBack(MsgManager.java:26)
	at com.socket.server.factory.WsFactory$2.onMsg(WsFactory.java:125)
	at com.socket.server.factory.WsHolder.reciveMsg(WsHolder.java:186)
	at com.socket.server.factory.WsHolder.access$100(WsHolder.java:26)
	at com.socket.server.factory.WsHolder$1.onMessage(WsHolder.java:79)
	at org.java_websocket.client.WebSocketClient.onWebsocketMessage(WebSocketClient.java:500)
	at org.java_websocket.drafts.Draft_6455.processFrameText(Draft_6455.java:858)
	at org.java_websocket.drafts.Draft_6455.processFrame(Draft_6455.java:792)
	at org.java_websocket.WebSocketImpl.decodeFrames(WebSocketImpl.java:381)
	at org.java_websocket.WebSocketImpl.decode(WebSocketImpl.java:218)
	at org.java_websocket.client.WebSocketClient.run(WebSocketClient.java:425)
	at java.lang.Thread.run(Thread.java:748)
Caused by: java.lang.ClassCastException: java.lang.Integer cannot be cast to com.alibaba.fastjson.JSONObject
	at com.alibaba.fastjson.JSON.parseObject(JSON.java:229)
	... 15 common frames omitted
2019-10-23 17:21:52.952 [WebSocketConnectReadThread-43] ERROR com.socket.server.factory.WsHolder - ws连接发生错误！can not cast to JSONObject.
com.alibaba.fastjson.JSONException: can not cast to JSONObject.
	at com.alibaba.fastjson.JSON.parseObject(JSON.java:231)
	at com.alibaba.fastjson.JSONObject.getJSONObject(JSONObject.java:117)
	at com.socket.server.manager.PushManager.received(PushManager.java:51)
	at com.socket.server.manager.RegisterManager.recived(RegisterManager.java:50)
	at com.socket.server.manager.MsgManager.callBack(MsgManager.java:26)
	at com.socket.server.factory.WsFactory$2.onMsg(WsFactory.java:125)
	at com.socket.server.factory.WsHolder.reciveMsg(WsHolder.java:186)
	at com.socket.server.factory.WsHolder.access$100(WsHolder.java:26)
	at com.socket.server.factory.WsHolder$1.onMessage(WsHolder.java:79)
	at org.java_websocket.client.WebSocketClient.onWebsocketMessage(WebSocketClient.java:500)
	at org.java_websocket.drafts.Draft_6455.processFrameText(Draft_6455.java:858)
	at org.java_websocket.drafts.Draft_6455.processFrame(Draft_6455.java:792)
	at org.java_websocket.WebSocketImpl.decodeFrames(WebSocketImpl.java:381)
	at org.java_websocket.WebSocketImpl.decode(WebSocketImpl.java:218)
	at org.java_websocket.client.WebSocketClient.run(WebSocketClient.java:425)
	at java.lang.Thread.run(Thread.java:748)
Caused by: java.lang.ClassCastException: java.lang.Integer cannot be cast to com.alibaba.fastjson.JSONObject
	at com.alibaba.fastjson.JSON.parseObject(JSON.java:229)
	... 15 common frames omitted
2019-10-23 17:21:52.959 [WebSocketConnectReadThread-43] ERROR org.java_websocket.drafts.Draft_6455 - Runtime exception during onWebsocketMessage
com.alibaba.fastjson.JSONException: can not cast to JSONObject.
	at com.alibaba.fastjson.JSON.parseObject(JSON.java:231)
	at com.alibaba.fastjson.JSONObject.getJSONObject(JSONObject.java:117)
	at com.socket.server.manager.PushManager.received(PushManager.java:51)
	at com.socket.server.manager.RegisterManager.recived(RegisterManager.java:50)
	at com.socket.server.manager.MsgManager.callBack(MsgManager.java:26)
	at com.socket.server.factory.WsFactory$2.onMsg(WsFactory.java:125)
	at com.socket.server.factory.WsHolder.reciveMsg(WsHolder.java:186)
	at com.socket.server.factory.WsHolder.access$100(WsHolder.java:26)
	at com.socket.server.factory.WsHolder$1.onMessage(WsHolder.java:79)
	at org.java_websocket.client.WebSocketClient.onWebsocketMessage(WebSocketClient.java:500)
	at org.java_websocket.drafts.Draft_6455.processFrameText(Draft_6455.java:858)
	at org.java_websocket.drafts.Draft_6455.processFrame(Draft_6455.java:792)
	at org.java_websocket.WebSocketImpl.decodeFrames(WebSocketImpl.java:381)
	at org.java_websocket.WebSocketImpl.decode(WebSocketImpl.java:218)
	at org.java_websocket.client.WebSocketClient.run(WebSocketClient.java:425)
	at java.lang.Thread.run(Thread.java:748)
Caused by: java.lang.ClassCastException: java.lang.Integer cannot be cast to com.alibaba.fastjson.JSONObject
	at com.alibaba.fastjson.JSON.parseObject(JSON.java:229)
	... 15 common frames omitted
2019-10-23 17:21:52.959 [WebSocketConnectReadThread-43] ERROR com.socket.server.factory.WsHolder - ws连接发生错误！can not cast to JSONObject.
com.alibaba.fastjson.JSONException: can not cast to JSONObject.
	at com.alibaba.fastjson.JSON.parseObject(JSON.java:231)
	at com.alibaba.fastjson.JSONObject.getJSONObject(JSONObject.java:117)
	at com.socket.server.manager.PushManager.received(PushManager.java:51)
	at com.socket.server.manager.RegisterManager.recived(RegisterManager.java:50)
	at com.socket.server.manager.MsgManager.callBack(MsgManager.java:26)
	at com.socket.server.factory.WsFactory$2.onMsg(WsFactory.java:125)
	at com.socket.server.factory.WsHolder.reciveMsg(WsHolder.java:186)
	at com.socket.server.factory.WsHolder.access$100(WsHolder.java:26)
	at com.socket.server.factory.WsHolder$1.onMessage(WsHolder.java:79)
	at org.java_websocket.client.WebSocketClient.onWebsocketMessage(WebSocketClient.java:500)
	at org.java_websocket.drafts.Draft_6455.processFrameText(Draft_6455.java:858)
	at org.java_websocket.drafts.Draft_6455.processFrame(Draft_6455.java:792)
	at org.java_websocket.WebSocketImpl.decodeFrames(WebSocketImpl.java:381)
	at org.java_websocket.WebSocketImpl.decode(WebSocketImpl.java:218)
	at org.java_websocket.client.WebSocketClient.run(WebSocketClient.java:425)
	at java.lang.Thread.run(Thread.java:748)
Caused by: java.lang.ClassCastException: java.lang.Integer cannot be cast to com.alibaba.fastjson.JSONObject
	at com.alibaba.fastjson.JSON.parseObject(JSON.java:229)
	... 15 common frames omitted
2019-10-23 17:21:52.960 [WebSocketConnectReadThread-43] ERROR org.java_websocket.drafts.Draft_6455 - Runtime exception during onWebsocketMessage
com.alibaba.fastjson.JSONException: can not cast to JSONObject.
	at com.alibaba.fastjson.JSON.parseObject(JSON.java:231)
	at com.alibaba.fastjson.JSONObject.getJSONObject(JSONObject.java:117)
	at com.socket.server.manager.PushManager.received(PushManager.java:51)
	at com.socket.server.manager.RegisterManager.recived(RegisterManager.java:50)
	at com.socket.server.manager.MsgManager.callBack(MsgManager.java:26)
	at com.socket.server.factory.WsFactory$2.onMsg(WsFactory.java:125)
	at com.socket.server.factory.WsHolder.reciveMsg(WsHolder.java:186)
	at com.socket.server.factory.WsHolder.access$100(WsHolder.java:26)
	at com.socket.server.factory.WsHolder$1.onMessage(WsHolder.java:79)
	at org.java_websocket.client.WebSocketClient.onWebsocketMessage(WebSocketClient.java:500)
	at org.java_websocket.drafts.Draft_6455.processFrameText(Draft_6455.java:858)
	at org.java_websocket.drafts.Draft_6455.processFrame(Draft_6455.java:792)
	at org.java_websocket.WebSocketImpl.decodeFrames(WebSocketImpl.java:381)
	at org.java_websocket.WebSocketImpl.decode(WebSocketImpl.java:218)
	at org.java_websocket.client.WebSocketClient.run(WebSocketClient.java:425)
	at java.lang.Thread.run(Thread.java:748)
Caused by: java.lang.ClassCastException: java.lang.Integer cannot be cast to com.alibaba.fastjson.JSONObject
	at com.alibaba.fastjson.JSON.parseObject(JSON.java:229)
	... 15 common frames omitted
2019-10-23 17:21:52.961 [WebSocketConnectReadThread-43] ERROR com.socket.server.factory.WsHolder - ws连接发生错误！can not cast to JSONObject.
com.alibaba.fastjson.JSONException: can not cast to JSONObject.
	at com.alibaba.fastjson.JSON.parseObject(JSON.java:231)
	at com.alibaba.fastjson.JSONObject.getJSONObject(JSONObject.java:117)
	at com.socket.server.manager.PushManager.received(PushManager.java:51)
	at com.socket.server.manager.RegisterManager.recived(RegisterManager.java:50)
	at com.socket.server.manager.MsgManager.callBack(MsgManager.java:26)
	at com.socket.server.factory.WsFactory$2.onMsg(WsFactory.java:125)
	at com.socket.server.factory.WsHolder.reciveMsg(WsHolder.java:186)
	at com.socket.server.factory.WsHolder.access$100(WsHolder.java:26)
	at com.socket.server.factory.WsHolder$1.onMessage(WsHolder.java:79)
	at org.java_websocket.client.WebSocketClient.onWebsocketMessage(WebSocketClient.java:500)
	at org.java_websocket.drafts.Draft_6455.processFrameText(Draft_6455.java:858)
	at org.java_websocket.drafts.Draft_6455.processFrame(Draft_6455.java:792)
	at org.java_websocket.WebSocketImpl.decodeFrames(WebSocketImpl.java:381)
	at org.java_websocket.WebSocketImpl.decode(WebSocketImpl.java:218)
	at org.java_websocket.client.WebSocketClient.run(WebSocketClient.java:425)
	at java.lang.Thread.run(Thread.java:748)
Caused by: java.lang.ClassCastException: java.lang.Integer cannot be cast to com.alibaba.fastjson.JSONObject
	at com.alibaba.fastjson.JSON.parseObject(JSON.java:229)
	... 15 common frames omitted
2019-10-23 17:30:48.976 [push-thread-4] ERROR com.socket.push.handler.MyMMPushHandler - >>>>>> 推送客户端出现异常 response : WsResponse(requestId=128, error=null, status=SUCCESS, result={"SeqNum":128,"EptFlag":0,"MsgBody":"5","bussType":10001})
2019-10-23 17:30:48.977 [push-thread-5] ERROR com.socket.push.handler.MyMMPushHandler - >>>>>> 推送客户端出现异常 response : WsResponse(requestId=127, error=null, status=SUCCESS, result={"SeqNum":127,"EptFlag":0,"MsgBody":"4","bussType":10001})
2019-10-23 17:30:48.976 [push-thread-1] ERROR com.socket.push.handler.MyMMPushHandler - >>>>>> 推送客户端出现异常 response : WsResponse(requestId=124, error=null, status=SUCCESS, result={"SeqNum":124,"EptFlag":0,"MsgBody":"1","bussType":10001})
2019-10-23 17:30:48.979 [push-thread-3] ERROR com.socket.push.handler.MyMMPushHandler - >>>>>> 推送客户端出现异常 response : WsResponse(requestId=123, error=null, status=SUCCESS, result={"SeqNum":123,"EptFlag":0,"MsgBody":"0","bussType":10001})
2019-10-23 17:30:48.976 [push-thread-2] ERROR com.socket.push.handler.MyMMPushHandler - >>>>>> 推送客户端出现异常 response : WsResponse(requestId=125, error=null, status=SUCCESS, result={"SeqNum":125,"EptFlag":0,"MsgBody":"2","bussType":10001})
2019-10-23 17:30:48.980 [push-thread-7] ERROR com.socket.push.handler.MyMMPushHandler - >>>>>> 推送客户端出现异常 response : WsResponse(requestId=130, error=null, status=SUCCESS, result={"SeqNum":130,"EptFlag":0,"MsgBody":"7","bussType":10001})
2019-10-23 17:30:48.980 [push-thread-6] ERROR com.socket.push.handler.MyMMPushHandler - >>>>>> 推送客户端出现异常 response : WsResponse(requestId=131, error=null, status=SUCCESS, result={"SeqNum":131,"EptFlag":0,"MsgBody":"8","bussType":10001})
2019-10-23 17:30:48.994 [push-thread-8] ERROR com.socket.push.handler.MyMMPushHandler - >>>>>> 推送客户端出现异常 response : WsResponse(requestId=126, error=null, status=SUCCESS, result={"SeqNum":126,"EptFlag":0,"MsgBody":"3","bussType":10001})
2019-10-23 17:30:49.032 [push-thread-7] ERROR com.socket.push.handler.MyMMPushHandler - >>>>>> 推送客户端出现异常 response : WsResponse(requestId=129, error=null, status=SUCCESS, result={"SeqNum":129,"EptFlag":0,"MsgBody":"6","bussType":10001})
2019-10-23 17:30:49.038 [push-thread-2] ERROR com.socket.push.handler.MyMMPushHandler - >>>>>> 推送客户端出现异常 response : WsResponse(requestId=132, error=null, status=SUCCESS, result={"SeqNum":132,"EptFlag":0,"MsgBody":"9","bussType":10001})
2019-10-23 17:34:42.915 [push-thread-2] ERROR com.socket.push.handler.MyMMPushHandler - >>>>>> 推送客户端出现异常 response : WsResponse(requestId=124, error=null, status=SUCCESS, result={"SeqNum":124,"EptFlag":0,"MsgBody":"1","bussType":10001})
2019-10-23 17:34:42.915 [push-thread-5] ERROR com.socket.push.handler.MyMMPushHandler - >>>>>> 推送客户端出现异常 response : WsResponse(requestId=127, error=null, status=SUCCESS, result={"SeqNum":127,"EptFlag":0,"MsgBody":"4","bussType":10001})
2019-10-23 17:34:42.917 [push-thread-7] ERROR com.socket.push.handler.MyMMPushHandler - >>>>>> 推送客户端出现异常 response : WsResponse(requestId=128, error=null, status=SUCCESS, result={"SeqNum":128,"EptFlag":0,"MsgBody":"5","bussType":10001})
2019-10-23 17:34:42.915 [push-thread-6] ERROR com.socket.push.handler.MyMMPushHandler - >>>>>> 推送客户端出现异常 response : WsResponse(requestId=129, error=null, status=SUCCESS, result={"SeqNum":129,"EptFlag":0,"MsgBody":"6","bussType":10001})
2019-10-23 17:34:42.915 [push-thread-4] ERROR com.socket.push.handler.MyMMPushHandler - >>>>>> 推送客户端出现异常 response : WsResponse(requestId=125, error=null, status=SUCCESS, result={"SeqNum":125,"EptFlag":0,"MsgBody":"2","bussType":10001})
2019-10-23 17:34:42.919 [push-thread-1] ERROR com.socket.push.handler.MyMMPushHandler - >>>>>> 推送客户端出现异常 response : WsResponse(requestId=132, error=null, status=SUCCESS, result={"SeqNum":132,"EptFlag":0,"MsgBody":"9","bussType":10001})
2019-10-23 17:34:42.920 [push-thread-8] ERROR com.socket.push.handler.MyMMPushHandler - >>>>>> 推送客户端出现异常 response : WsResponse(requestId=131, error=null, status=SUCCESS, result={"SeqNum":131,"EptFlag":0,"MsgBody":"8","bussType":10001})
2019-10-23 17:34:42.915 [push-thread-3] ERROR com.socket.push.handler.MyMMPushHandler - >>>>>> 推送客户端出现异常 response : WsResponse(requestId=126, error=null, status=SUCCESS, result={"SeqNum":126,"EptFlag":0,"MsgBody":"3","bussType":10001})
2019-10-23 19:05:30.645 [push-thread-3] ERROR com.socket.push.handler.MyMMPushHandler - >>>>>> 推送客户端出现异常 response : WsResponse(requestId=123, error=null, status=SUCCESS, result={"SeqNum":123,"EptFlag":0,"MsgBody":"0","bussType":10001})
2019-10-23 19:05:30.645 [push-thread-4] ERROR com.socket.push.handler.MyMMPushHandler - >>>>>> 推送客户端出现异常 response : WsResponse(requestId=127, error=null, status=SUCCESS, result={"SeqNum":127,"EptFlag":0,"MsgBody":"4","bussType":10001})
2019-10-23 19:05:30.655 [push-thread-1] ERROR com.socket.push.handler.MyMMPushHandler - >>>>>> 推送客户端出现异常 response : WsResponse(requestId=131, error=null, status=SUCCESS, result={"SeqNum":131,"EptFlag":0,"MsgBody":"8","bussType":10001})
2019-10-23 19:05:30.658 [push-thread-4] ERROR com.socket.push.handler.MyMMPushHandler - >>>>>> 推送客户端出现异常 response : WsResponse(requestId=132, error=null, status=SUCCESS, result={"SeqNum":132,"EptFlag":0,"MsgBody":"9","bussType":10001})
2019-10-23 19:05:30.646 [push-thread-2] ERROR com.socket.push.handler.MyMMPushHandler - >>>>>> 推送客户端出现异常 response : WsResponse(requestId=125, error=null, status=SUCCESS, result={"SeqNum":125,"EptFlag":0,"MsgBody":"2","bussType":10001})
2019-10-23 19:05:30.646 [push-thread-5] ERROR com.socket.push.handler.MyMMPushHandler - >>>>>> 推送客户端出现异常 response : WsResponse(requestId=130, error=null, status=SUCCESS, result={"SeqNum":130,"EptFlag":0,"MsgBody":"7","bussType":10001})
2019-10-23 19:05:30.647 [push-thread-6] ERROR com.socket.push.handler.MyMMPushHandler - >>>>>> 推送客户端出现异常 response : WsResponse(requestId=126, error=null, status=SUCCESS, result={"SeqNum":126,"EptFlag":0,"MsgBody":"3","bussType":10001})
2019-10-23 19:05:30.648 [push-thread-7] ERROR com.socket.push.handler.MyMMPushHandler - >>>>>> 推送客户端出现异常 response : WsResponse(requestId=128, error=null, status=SUCCESS, result={"SeqNum":128,"EptFlag":0,"MsgBody":"5","bussType":10001})
2019-10-23 19:05:30.651 [push-thread-8] ERROR com.socket.push.handler.MyMMPushHandler - >>>>>> 推送客户端出现异常 response : WsResponse(requestId=129, error=null, status=SUCCESS, result={"SeqNum":129,"EptFlag":0,"MsgBody":"6","bussType":10001})
2019-10-23 19:24:38.657 [WebSocketConnectReadThread-39] ERROR com.socket.push.handler.MyMMPushHandler - >>>>>> 推送客户端出现异常 response : WsResponse(requestId=124, error=null, status=SUCCESS, result={"SeqNum":124,"EptFlag":0,"MsgBody":"1","bussType":10001})
2019-10-23 19:24:38.657 [WebSocketConnectReadThread-43] ERROR com.socket.push.handler.MyMMPushHandler - >>>>>> 推送客户端出现异常 response : WsResponse(requestId=125, error=null, status=SUCCESS, result={"SeqNum":125,"EptFlag":0,"MsgBody":"2","bussType":10001})
2019-10-23 19:24:38.665 [WebSocketConnectReadThread-39] ERROR com.socket.push.handler.MyMMPushHandler - >>>>>> 推送客户端出现异常 response : WsResponse(requestId=127, error=null, status=SUCCESS, result={"SeqNum":127,"EptFlag":0,"MsgBody":"4","bussType":10001})
2019-10-23 19:24:38.668 [WebSocketConnectReadThread-35] ERROR com.socket.push.handler.MyMMPushHandler - >>>>>> 推送客户端出现异常 response : WsResponse(requestId=126, error=null, status=SUCCESS, result={"SeqNum":126,"EptFlag":0,"MsgBody":"3","bussType":10001})
2019-10-23 19:24:38.670 [WebSocketConnectReadThread-39] ERROR com.socket.push.handler.MyMMPushHandler - >>>>>> 推送客户端出现异常 response : WsResponse(requestId=130, error=null, status=SUCCESS, result={"SeqNum":130,"EptFlag":0,"MsgBody":"7","bussType":10001})
2019-10-23 19:24:38.677 [WebSocketConnectReadThread-35] ERROR com.socket.push.handler.MyMMPushHandler - >>>>>> 推送客户端出现异常 response : WsResponse(requestId=129, error=null, status=SUCCESS, result={"SeqNum":129,"EptFlag":0,"MsgBody":"6","bussType":10001})
2019-10-23 19:50:17.438 [WebSocketConnectReadThread-111] ERROR com.socket.server.factory.WsHolder - ws连接发生错误！Connection refused (Connection refused)
java.net.ConnectException: Connection refused (Connection refused)
	at java.net.PlainSocketImpl.socketConnect(Native Method)
	at java.net.AbstractPlainSocketImpl.doConnect(AbstractPlainSocketImpl.java:350)
	at java.net.AbstractPlainSocketImpl.connectToAddress(AbstractPlainSocketImpl.java:206)
	at java.net.AbstractPlainSocketImpl.connect(AbstractPlainSocketImpl.java:188)
	at java.net.Socket.connect(Socket.java:589)
	at org.java_websocket.client.WebSocketClient.run(WebSocketClient.java:395)
	at java.lang.Thread.run(Thread.java:748)
